{
  "RSpec": {
    "coverage": {
      "/Users/agnesdonat/Projects/tech_tests/bank_tech_test/spec/account_spec.rb": [
        null,
        null,
        1,
        null,
        1,
        1,
        1,
        4,
        null,
        null,
        1,
        1,
        null,
        null,
        null,
        null,
        1,
        4,
        1,
        2,
        null,
        null,
        null,
        1,
        2,
        2,
        null,
        null,
        1,
        1,
        null,
        null,
        null,
        null,
        null
      ],
      "/Users/agnesdonat/Projects/tech_tests/bank_tech_test/lib/account.rb": [
        1,
        1,
        null,
        1,
        5,
        5,
        5,
        null,
        null,
        1,
        5,
        null,
        null,
        1,
        3,
        2,
        null,
        null
      ],
      "/Users/agnesdonat/Projects/tech_tests/bank_tech_test/spec/statement_printer_spec.rb": [
        1,
        null,
        1,
        1,
        2,
        2,
        2,
        null,
        1,
        1,
        2,
        0,
        null,
        null,
        null,
        null
      ],
      "/Users/agnesdonat/Projects/tech_tests/bank_tech_test/lib/statement_printer.rb": [
        1,
        null,
        1,
        1,
        null,
        1,
        1,
        null,
        null,
        1,
        1,
        1,
        2,
        null,
        null,
        null
      ]
    },
    "timestamp": 1524742875
  }
}
